[mandaonsol.top/index.html]
[backblue.gif]
[fade.gif]
[index.html]
[mandaonsol.top/26387fa4f5b1e3f7b6217b27d79bf264.png]
[mandaonsol.top/2d0b56e7e51cf11036ad8734bdb67e2d.png]
[mandaonsol.top/725b756a69a7d4c235070e51acd85560.png]
[mandaonsol.top/fonts/f4a4890561b3fddfd1fd9a1b27b6d4a4.woff2]
[mandaonsol.top/fonts/33696a29f45c1b554a4c12443b998d21.woff2]
[mandaonsol.top/fonts/8dbae49e1280328b442be6dfff163124.woff2]
[mandaonsol.top/fonts/625cf32ea46ae48b58ebd3ff993de469.woff2]
[mandaonsol.top/fonts/c69c23593c9bd5705c7780a200f2a6db.woff2]
[mandaonsol.top/fonts/e5e43f51d6d7939d8911c861efa5f9b7.woff2]
[mandaonsol.top/fonts/d34f76ff61369f55091d36d26e930b1b.woff]
[mandaonsol.top/fonts/3f7cf6b3c409294bed4eabc916a453ce.woff]
[mandaonsol.top/fonts/6cfcfc61f585504ef1a0fdf08327b46c.woff2]
[mandaonsol.top/fonts/b95cf3a09883924b9d16dfac53dc843b.woff]
[mandaonsol.top/fonts/f8f199f09526f79e87644ed227e0f651.woff2]
[mandaonsol.top/fonts/98c4d2c0223fc8474641c77f923528e9.woff2]
[mandaonsol.top/fonts/d257a7100844bc3f98c9021168b6249e.woff2]
[mandaonsol.top/fonts/1060345c54d396e76d73f1da7ee200bd.woff2]
[mandaonsol.top/images/75891683d201acda7f115342d0a0cdf8.svg]
[mandaonsol.top/images/e91b92e8ad85cb64724ba3aeda9eeef4.svg]
[mandaonsol.top/'data_image/png;base64,']
[mandaonsol.top/images/1be8b9035279c3707155782a82cc0828.png]
[mandaonsol.top/images/2874fc1961cc441af4a2bcbf6b97251b.png]
[mandaonsol.top/images/dc1144996967db6558901e2ef83b73ad.png]
[mandaonsol.top/images/a36a15b6609e1d76cb32292186490c0a.png]
[mandaonsol.top/images/0837cd9fce93b782e73192704d0ceeb6.png]
[mandaonsol.top/js/939898b427480d700449229ff00dbb8a6f9f77442b532f697866e6914ab8843a.js]
[mandaonsol.top/index.html]
[mandaonsol.top/images/75891683d201acda7f115342d0a0cdf8.svg]
[mandaonsol.top/images/e91b92e8ad85cb64724ba3aeda9eeef4.svg]
[mandaonsol.top/'data_image/png;base64,'.html]
[mandaonsol.top/js/388fb330498371d4935abbff11d34d4c30842ca3c4a128cdd290d29db98acb41.js]
